NumExpr defaulting to 8 threads.
NumExpr defaulting to 8 threads.
Error creating reminder: no such table: main.supermarkets_supermarket
Error creating reminder: no such table: main.supermarkets_supermarket
Error creating expiry reminder for Test Bread: no such table: main.supermarkets_supermarket
Error creating reminder: no such table: main.supermarkets_supermarket
Error creating expiry reminder for Test Cheese: no such table: main.supermarkets_supermarket
Error creating reminder: no such table: main.supermarkets_supermarket
Error creating expiry reminder for Test Yogurt: no such table: main.supermarkets_supermarket
Scheduled reminder task notifications.services.execute_reminder for 2025-08-19 15:42:50.888441+00:00
Error creating reminder: Tried to update field notifications.Reminder.task_id with a model instance, <Schedule: notifications.services.execute_reminder>. Use a value compatible with CharField.
Scheduled reminder task notifications.services.execute_reminder for 2025-09-03 15:37:50.896838+00:00
Error creating reminder: Tried to update field notifications.Reminder.task_id with a model instance, <Schedule: notifications.services.execute_reminder>. Use a value compatible with CharField.
Scheduled reminder task notifications.services.execute_reminder for 2025-09-01 15:37:50.905002+00:00
Error creating reminder: Tried to update field notifications.Reminder.task_id with a model instance, <Schedule: notifications.services.execute_reminder>. Use a value compatible with CharField.
Error creating expiry reminder for Test Bread: Tried to update field notifications.Reminder.task_id with a model instance, <Schedule: notifications.services.execute_reminder>. Use a value compatible with CharField.
Scheduled reminder task notifications.services.execute_reminder for 2025-09-16 15:37:50.905012+00:00
Error creating reminder: Tried to update field notifications.Reminder.task_id with a model instance, <Schedule: notifications.services.execute_reminder>. Use a value compatible with CharField.
Error creating expiry reminder for Test Cheese: Tried to update field notifications.Reminder.task_id with a model instance, <Schedule: notifications.services.execute_reminder>. Use a value compatible with CharField.
Scheduled reminder task notifications.services.execute_reminder for 2025-08-27 15:37:50.905014+00:00
Error creating reminder: Tried to update field notifications.Reminder.task_id with a model instance, <Schedule: notifications.services.execute_reminder>. Use a value compatible with CharField.
Error creating expiry reminder for Test Yogurt: Tried to update field notifications.Reminder.task_id with a model instance, <Schedule: notifications.services.execute_reminder>. Use a value compatible with CharField.
Scheduled reminder task reminder_a728d399-9b77-4687-9392-d760dc996e55 for 2025-08-19 15:44:40.689428+00:00
Created reminder a728d399-9b77-4687-9392-d760dc996e55 for user 1
Watching for file changes with StatReloader
